Build started 28.2.2017 г. 12:15:03 ч..
     1>Project "C:\Users\Toni\Documents\Visual Studio 2013\Projects\Project51\Project51\Project51.vcxproj" on node 2 (Build target(s)).
     1>ClCompile:
         C:\Program Files (x86)\Microsoft Visual Studio 13.0\VC\bin\CL.exe /c /ZI /nologo /W3 /WX- /sdl /Od /Oy- /D _CRT_SECURE_NO_WARNINGS /D _MBCS /Gm /EHsc /RTC1 /MDd /GS /fp:precise /Zc:wchar_t /Zc:forScope /Fo"Debug\\" /Fd"Debug\vc120.pdb" /Gd /TP /analyze- /errorReport:prompt main.cpp
         main.cpp
     1>c:\users\toni\documents\visual studio 2013\projects\project51\project51\main.cpp(113): warning C4018: '<' : signed/unsigned mismatch
     1>c:\users\toni\documents\visual studio 2013\projects\project51\project51\main.cpp(120): warning C4018: '<' : signed/unsigned mismatch
     1>c:\users\toni\documents\visual studio 2013\projects\project51\project51\main.cpp(176): warning C4018: '<' : signed/unsigned mismatch
     1>c:\users\toni\documents\visual studio 2013\projects\project51\project51\main.cpp(198): warning C4018: '<' : signed/unsigned mismatch
     1>c:\users\toni\documents\visual studio 2013\projects\project51\project51\main.cpp(201): warning C4244: 'initializing' : conversion from 'double' to 'float', possible loss of data
     1>c:\users\toni\documents\visual studio 2013\projects\project51\project51\main.cpp(208): warning C4244: 'initializing' : conversion from 'double' to 'float', possible loss of data
     1>c:\users\toni\documents\visual studio 2013\projects\project51\project51\main.cpp(214): warning C4018: '<' : signed/unsigned mismatch
     1>c:\users\toni\documents\visual studio 2013\projects\project51\project51\main.cpp(217): warning C4018: '<' : signed/unsigned mismatch
     1>c:\users\toni\documents\visual studio 2013\projects\project51\project51\main.cpp(355): warning C4244: 'argument' : conversion from 'time_t' to 'unsigned int', possible loss of data
     1>c:\users\toni\documents\visual studio 2013\projects\project51\project51\main.cpp(400): warning C4018: '<' : signed/unsigned mismatch
     1>c:\users\toni\documents\visual studio 2013\projects\project51\project51\main.cpp(378): warning C4723: potential divide by 0
     1>c:\users\toni\documents\visual studio 2013\projects\project51\project51\main.cpp(379): warning C4723: potential divide by 0
     1>c:\users\toni\documents\visual studio 2013\projects\project51\project51\main.cpp(383): warning C4723: potential divide by 0
     1>c:\users\toni\documents\visual studio 2013\projects\project51\project51\main.cpp(384): warning C4723: potential divide by 0
     1>c:\users\toni\documents\visual studio 2013\projects\project51\project51\main.cpp(388): warning C4723: potential divide by 0
     1>c:\users\toni\documents\visual studio 2013\projects\project51\project51\main.cpp(389): warning C4723: potential divide by 0
       Link:
         C:\Program Files (x86)\Microsoft Visual Studio 13.0\VC\bin\link.exe /ERRORREPORT:PROMPT /OUT:"C:\Users\Toni\Documents\Visual Studio 2013\Projects\Project51\Debug\Project51.exe" /INCREMENTAL /NOLOGO kernel32.lib user32.lib gdi32.lib winspool.lib comdlg32.lib advapi32.lib shell32.lib ole32.lib oleaut32.lib uuid.lib odbc32.lib odbccp32.lib /MANIFEST /MANIFESTUAC:"level='asInvoker' uiAccess='false'" /manifest:embed /DEBUG /PDB:"C:\Users\Toni\Documents\Visual Studio 2013\Projects\Project51\Debug\Project51.pdb" /TLBID:1 /DYNAMICBASE /NXCOMPAT /IMPLIB:"C:\Users\Toni\Documents\Visual Studio 2013\Projects\Project51\Debug\Project51.lib" /MACHINE:X86 Debug\main.obj
         Project51.vcxproj -> C:\Users\Toni\Documents\Visual Studio 2013\Projects\Project51\Debug\Project51.exe
     1>Done Building Project "C:\Users\Toni\Documents\Visual Studio 2013\Projects\Project51\Project51\Project51.vcxproj" (Build target(s)).

Build succeeded.

Time Elapsed 00:00:02.10
